<?xml version="1.0" encoding="UTF-8"?>
<coverage generated="1627552255534" clover="3.2.0">
  <project timestamp="1627552255534" name="All files">
    <metrics statements="6" coveredstatements="0" conditionals="2" coveredconditionals="0" methods="1" coveredmethods="0" elements="9" coveredelements="0" complexity="0" loc="6" ncloc="6" packages="2" files="4" classes="4"/>
    <package name="src">
      <metrics statements="4" coveredstatements="0" conditionals="2" coveredconditionals="0" methods="1" coveredmethods="0"/>
      <file name="main.ts" path="C:\Users\AMAURY\Documents\Etudes\3eme année\angular\PokemonArena-master\src\main.ts">
        <metrics statements="4" coveredstatements="0" conditionals="2" coveredconditionals="0" methods="1" coveredmethods="0"/>
        <line num="7" count="0" type="cond" truecount="0" falsecount="2"/>
        <line num="8" count="0" type="stmt"/>
        <line num="11" count="0" type="stmt"/>
        <line num="12" count="0" type="stmt"/>
      </file>
      <file name="polyfills.ts" path="C:\Users\AMAURY\Documents\Etudes\3eme année\angular\PokemonArena-master\src\polyfills.ts">
        <metrics statements="0" coveredstatements="0" conditionals="0" coveredconditionals="0" methods="0" coveredmethods="0"/>
      </file>
    </package>
    <package name="src.environments">
      <metrics statements="2" coveredstatements="0" conditionals="0" coveredconditionals="0" methods="0" coveredmethods="0"/>
      <file name="environment.prod.ts" path="C:\Users\AMAURY\Documents\Etudes\3eme année\angular\PokemonArena-master\src\environments\environment.prod.ts">
        <metrics statements="1" coveredstatements="0" conditionals="0" coveredconditionals="0" methods="0" coveredmethods="0"/>
        <line num="1" count="0" type="stmt"/>
      </file>
      <file name="environment.ts" path="C:\Users\AMAURY\Documents\Etudes\3eme année\angular\PokemonArena-master\src\environments\environment.ts">
        <metrics statements="1" coveredstatements="0" conditionals="0" coveredconditionals="0" methods="0" coveredmethods="0"/>
        <line num="5" count="0" type="stmt"/>
      </file>
    </package>
  </project>
</coverage>
