{"C:\\Users\\AMAURY\\Documents\\Etudes\\4eme année\\integration-continue\\src\\main.ts": {"path":"C:\\Users\\AMAURY\\Documents\\Etudes\\4eme année\\integration-continue\\src\\main.ts","statementMap":{"0":{"start":{"line":1,"column":0},"end":{"line":1,"column":47}},"1":{"start":{"line":2,"column":0},"end":{"line":2,"column":75}},"2":{"start":{"line":4,"column":0},"end":{"line":4,"column":45}},"3":{"start":{"line":5,"column":0},"end":{"line":5,"column":57}},"4":{"start":{"line":7,"column":0},"end":{"line":9,"column":null}},"5":{"start":{"line":8,"column":2},"end":{"line":8,"column":19}},"6":{"start":{"line":11,"column":0},"end":{"line":12,"column":36}},"7":{"start":{"line":12,"column":16},"end":{"line":12,"column":34}}},"fnMap":{"0":{"name":"(anonymous_0)","decl":{"start":{"line":12,"column":9},"end":{"line":12,"column":12}},"loc":{"start":{"line":12,"column":16},"end":{"line":12,"column":34}}}},"branchMap":{"0":{"loc":{"start":{"line":7,"column":0},"end":{"line":9,"column":null}},"type":"if","locations":[{"start":{"line":7,"column":0},"end":{"line":9,"column":null}}]}},"s":{"0":0,"1":0,"2":0,"3":0,"4":0,"5":0,"6":0,"7":0},"f":{"0":0},"b":{"0":[0]}}
,"C:\\Users\\AMAURY\\Documents\\Etudes\\4eme année\\integration-continue\\src\\polyfills.ts": {"path":"C:\\Users\\AMAURY\\Documents\\Etudes\\4eme année\\integration-continue\\src\\polyfills.ts","statementMap":{"0":{"start":{"line":58,"column":0},"end":{"line":58,"column":27}}},"fnMap":{},"branchMap":{},"s":{"0":0},"f":{},"b":{}}
,"C:\\Users\\AMAURY\\Documents\\Etudes\\4eme année\\integration-continue\\src\\app\\app.component.ts": {"path":"C:\\Users\\AMAURY\\Documents\\Etudes\\4eme année\\integration-continue\\src\\app\\app.component.ts","statementMap":{"0":{"start":{"line":1,"column":0},"end":{"line":1,"column":49}},"1":{"start":{"line":8,"column":25},"end":{"line":10,"column":null}},"2":{"start":{"line":9,"column":11},"end":{"line":9,"column":35}},"3":{"start":{"line":8,"column":13},"end":{"line":10,"column":null}},"4":{"start":{"line":8,"column":13},"end":{"line":8,"column":25}}},"fnMap":{},"branchMap":{},"s":{"0":2,"1":2,"2":2,"3":2,"4":2},"f":{},"b":{}}
,"C:\\Users\\AMAURY\\Documents\\Etudes\\4eme année\\integration-continue\\src\\app\\app.module.ts": {"path":"C:\\Users\\AMAURY\\Documents\\Etudes\\4eme année\\integration-continue\\src\\app\\app.module.ts","statementMap":{"0":{"start":{"line":1,"column":0},"end":{"line":1,"column":58}},"1":{"start":{"line":2,"column":0},"end":{"line":2,"column":56}},"2":{"start":{"line":3,"column":0},"end":{"line":3,"column":41}},"3":{"start":{"line":5,"column":0},"end":{"line":5,"column":47}},"4":{"start":{"line":6,"column":0},"end":{"line":6,"column":63}},"5":{"start":{"line":7,"column":0},"end":{"line":7,"column":60}},"6":{"start":{"line":8,"column":0},"end":{"line":8,"column":63}},"7":{"start":{"line":9,"column":0},"end":{"line":9,"column":54}},"8":{"start":{"line":10,"column":0},"end":{"line":10,"column":76}},"9":{"start":{"line":11,"column":0},"end":{"line":11,"column":55}},"10":{"start":{"line":12,"column":0},"end":{"line":12,"column":55}},"11":{"start":{"line":14,"column":23},"end":{"line":17,"column":2}},"12":{"start":{"line":37,"column":22},"end":{"line":37,"column":null}},"13":{"start":{"line":37,"column":13},"end":{"line":37,"column":null}},"14":{"start":{"line":37,"column":13},"end":{"line":37,"column":22}}},"fnMap":{},"branchMap":{},"s":{"0":0,"1":0,"2":0,"3":0,"4":0,"5":0,"6":0,"7":0,"8":0,"9":0,"10":0,"11":0,"12":0,"13":0,"14":0},"f":{},"b":{}}
,"C:\\Users\\AMAURY\\Documents\\Etudes\\4eme année\\integration-continue\\src\\app\\battle\\battle.component.ts": {"path":"C:\\Users\\AMAURY\\Documents\\Etudes\\4eme année\\integration-continue\\src\\app\\battle\\battle.component.ts","statementMap":{"0":{"start":{"line":1,"column":0},"end":{"line":1,"column":57}},"1":{"start":{"line":2,"column":0},"end":{"line":2,"column":39}},"2":{"start":{"line":4,"column":0},"end":{"line":4,"column":9}},"3":{"start":{"line":5,"column":0},"end":{"line":5,"column":9}},"4":{"start":{"line":7,"column":0},"end":{"line":7,"column":9}},"5":{"start":{"line":8,"column":0},"end":{"line":8,"column":9}},"6":{"start":{"line":15,"column":28},"end":{"line":90,"column":null}},"7":{"start":{"line":27,"column":11},"end":{"line":27,"column":26}},"8":{"start":{"line":28,"column":11},"end":{"line":28,"column":26}},"9":{"start":{"line":29,"column":12},"end":{"line":29,"column":28}},"10":{"start":{"line":30,"column":12},"end":{"line":30,"column":19}},"11":{"start":{"line":24,"column":2},"end":{"line":24,"column":22}},"12":{"start":{"line":35,"column":4},"end":{"line":41,"column":7}},"13":{"start":{"line":36,"column":6},"end":{"line":36,"column":42}},"14":{"start":{"line":37,"column":6},"end":{"line":37,"column":40}},"15":{"start":{"line":38,"column":6},"end":{"line":38,"column":42}},"16":{"start":{"line":39,"column":6},"end":{"line":39,"column":40}},"17":{"start":{"line":40,"column":6},"end":{"line":40,"column":23}},"18":{"start":{"line":45,"column":4},"end":{"line":45,"column":76}},"19":{"start":{"line":46,"column":4},"end":{"line":46,"column":76}},"20":{"start":{"line":50,"column":4},"end":{"line":50,"column":28}},"21":{"start":{"line":51,"column":4},"end":{"line":51,"column":39}},"22":{"start":{"line":52,"column":4},"end":{"line":52,"column":97}},"23":{"start":{"line":53,"column":4},"end":{"line":53,"column":24}},"24":{"start":{"line":57,"column":4},"end":{"line":57,"column":69}},"25":{"start":{"line":58,"column":4},"end":{"line":58,"column":39}},"26":{"start":{"line":59,"column":4},"end":{"line":59,"column":34}},"27":{"start":{"line":63,"column":4},"end":{"line":63,"column":57}},"28":{"start":{"line":64,"column":4},"end":{"line":64,"column":40}},"29":{"start":{"line":65,"column":4},"end":{"line":65,"column":97}},"30":{"start":{"line":69,"column":4},"end":{"line":69,"column":31}},"31":{"start":{"line":70,"column":4},"end":{"line":70,"column":76}},"32":{"start":{"line":71,"column":4},"end":{"line":71,"column":76}},"33":{"start":{"line":72,"column":4},"end":{"line":72,"column":34}},"34":{"start":{"line":73,"column":4},"end":{"line":73,"column":29}},"35":{"start":{"line":74,"column":4},"end":{"line":74,"column":40}},"36":{"start":{"line":75,"column":4},"end":{"line":75,"column":29}},"37":{"start":{"line":79,"column":4},"end":{"line":83,"column":null}},"38":{"start":{"line":80,"column":6},"end":{"line":80,"column":18}},"39":{"start":{"line":82,"column":6},"end":{"line":82,"column":19}},"40":{"start":{"line":87,"column":4},"end":{"line":87,"column":32}},"41":{"start":{"line":88,"column":4},"end":{"line":88,"column":17}},"42":{"start":{"line":15,"column":13},"end":{"line":90,"column":null}},"43":{"start":{"line":15,"column":13},"end":{"line":15,"column":28}}},"fnMap":{"0":{"name":"(anonymous_0)","decl":{"start":{"line":26,"column":2},"end":{"line":26,"column":null}},"loc":{"start":{"line":30,"column":33},"end":{"line":31,"column":9}}},"1":{"name":"(anonymous_1)","decl":{"start":{"line":33,"column":2},"end":{"line":33,"column":10}},"loc":{"start":{"line":33,"column":10},"end":{"line":42,"column":3}}},"2":{"name":"(anonymous_2)","decl":{"start":{"line":35,"column":32},"end":{"line":35,"column":33}},"loc":{"start":{"line":35,"column":58},"end":{"line":41,"column":5}}},"3":{"name":"(anonymous_3)","decl":{"start":{"line":44,"column":2},"end":{"line":44,"column":11}},"loc":{"start":{"line":44,"column":11},"end":{"line":47,"column":3}}},"4":{"name":"(anonymous_4)","decl":{"start":{"line":49,"column":2},"end":{"line":49,"column":7}},"loc":{"start":{"line":49,"column":7},"end":{"line":54,"column":3}}},"5":{"name":"(anonymous_5)","decl":{"start":{"line":56,"column":2},"end":{"line":56,"column":7}},"loc":{"start":{"line":56,"column":7},"end":{"line":60,"column":3}}},"6":{"name":"(anonymous_6)","decl":{"start":{"line":62,"column":2},"end":{"line":62,"column":6}},"loc":{"start":{"line":62,"column":6},"end":{"line":66,"column":3}}},"7":{"name":"(anonymous_7)","decl":{"start":{"line":68,"column":2},"end":{"line":68,"column":7}},"loc":{"start":{"line":68,"column":7},"end":{"line":76,"column":3}}},"8":{"name":"(anonymous_8)","decl":{"start":{"line":78,"column":2},"end":{"line":78,"column":13}},"loc":{"start":{"line":78,"column":13},"end":{"line":84,"column":3}}},"9":{"name":"(anonymous_9)","decl":{"start":{"line":86,"column":2},"end":{"line":86,"column":8}},"loc":{"start":{"line":86,"column":8},"end":{"line":89,"column":3}}}},"branchMap":{"0":{"loc":{"start":{"line":79,"column":4},"end":{"line":83,"column":null}},"type":"if","locations":[{"start":{"line":79,"column":4},"end":{"line":83,"column":null}},{"start":{"line":81,"column":10},"end":{"line":83,"column":null}}]}},"s":{"0":1,"1":1,"2":1,"3":1,"4":1,"5":1,"6":1,"7":1,"8":1,"9":1,"10":1,"11":1,"12":0,"13":0,"14":0,"15":0,"16":0,"17":0,"18":0,"19":0,"20":0,"21":0,"22":0,"23":0,"24":0,"25":0,"26":0,"27":0,"28":0,"29":0,"30":0,"31":0,"32":0,"33":0,"34":0,"35":0,"36":0,"37":0,"38":0,"39":0,"40":0,"41":0,"42":1,"43":1},"f":{"0":1,"1":0,"2":0,"3":0,"4":0,"5":0,"6":0,"7":0,"8":0,"9":0},"b":{"0":[0,0]}}
,"C:\\Users\\AMAURY\\Documents\\Etudes\\4eme année\\integration-continue\\src\\app\\directive\\color-message.directive.ts": {"path":"C:\\Users\\AMAURY\\Documents\\Etudes\\4eme année\\integration-continue\\src\\app\\directive\\color-message.directive.ts","statementMap":{"0":{"start":{"line":1,"column":0},"end":{"line":1,"column":60}},"1":{"start":{"line":6,"column":34},"end":{"line":12,"column":null}},"2":{"start":{"line":6,"column":13},"end":{"line":12,"column":null}},"3":{"start":{"line":6,"column":13},"end":{"line":6,"column":34}}},"fnMap":{"0":{"name":"(anonymous_0)","decl":{"start":{"line":9,"column":2},"end":{"line":9,"column":null}},"loc":{"start":{"line":9,"column":2},"end":{"line":10,"column":3}}}},"branchMap":{},"s":{"0":2,"1":2,"2":2,"3":2},"f":{"0":1},"b":{}}
,"C:\\Users\\AMAURY\\Documents\\Etudes\\4eme année\\integration-continue\\src\\app\\home\\home.component.ts": {"path":"C:\\Users\\AMAURY\\Documents\\Etudes\\4eme année\\integration-continue\\src\\app\\home\\home.component.ts","statementMap":{"0":{"start":{"line":1,"column":0},"end":{"line":1,"column":50}},"1":{"start":{"line":2,"column":0},"end":{"line":2,"column":9}},"2":{"start":{"line":4,"column":0},"end":{"line":4,"column":37}},"3":{"start":{"line":7,"column":0},"end":{"line":7,"column":9}},"4":{"start":{"line":14,"column":26},"end":{"line":50,"column":null}},"5":{"start":{"line":23,"column":12},"end":{"line":23,"column":28}},"6":{"start":{"line":24,"column":12},"end":{"line":24,"column":20}},"7":{"start":{"line":16,"column":9},"end":{"line":16,"column":55}},"8":{"start":{"line":20,"column":2},"end":{"line":20,"column":26}},"9":{"start":{"line":28,"column":4},"end":{"line":35,"column":20}},"10":{"start":{"line":31,"column":10},"end":{"line":33,"column":null}},"11":{"start":{"line":32,"column":12},"end":{"line":32,"column":80}},"12":{"start":{"line":39,"column":4},"end":{"line":39,"column":39}},"13":{"start":{"line":43,"column":4},"end":{"line":43,"column":39}},"14":{"start":{"line":47,"column":4},"end":{"line":47,"column":73}},"15":{"start":{"line":14,"column":13},"end":{"line":50,"column":null}},"16":{"start":{"line":14,"column":13},"end":{"line":14,"column":26}}},"fnMap":{"0":{"name":"(anonymous_0)","decl":{"start":{"line":22,"column":2},"end":{"line":22,"column":null}},"loc":{"start":{"line":24,"column":26},"end":{"line":25,"column":7}}},"1":{"name":"(anonymous_1)","decl":{"start":{"line":27,"column":2},"end":{"line":27,"column":10}},"loc":{"start":{"line":27,"column":10},"end":{"line":36,"column":3}}},"2":{"name":"(anonymous_2)","decl":{"start":{"line":30,"column":12},"end":{"line":30,"column":13}},"loc":{"start":{"line":30,"column":35},"end":{"line":34,"column":9}}},"3":{"name":"(anonymous_3)","decl":{"start":{"line":38,"column":2},"end":{"line":38,"column":16}},"loc":{"start":{"line":38,"column":22},"end":{"line":40,"column":3}}},"4":{"name":"(anonymous_4)","decl":{"start":{"line":42,"column":2},"end":{"line":42,"column":16}},"loc":{"start":{"line":42,"column":22},"end":{"line":44,"column":3}}},"5":{"name":"(anonymous_5)","decl":{"start":{"line":46,"column":2},"end":{"line":46,"column":7}},"loc":{"start":{"line":46,"column":13},"end":{"line":48,"column":3}}}},"branchMap":{},"s":{"0":1,"1":1,"2":1,"3":1,"4":1,"5":1,"6":1,"7":1,"8":1,"9":1,"10":0,"11":0,"12":0,"13":0,"14":0,"15":1,"16":1},"f":{"0":1,"1":1,"2":0,"3":0,"4":0,"5":0},"b":{}}
,"C:\\Users\\AMAURY\\Documents\\Etudes\\4eme année\\integration-continue\\src\\app\\message\\message.component.ts": {"path":"C:\\Users\\AMAURY\\Documents\\Etudes\\4eme année\\integration-continue\\src\\app\\message\\message.component.ts","statementMap":{"0":{"start":{"line":1,"column":0},"end":{"line":1,"column":78}},"1":{"start":{"line":3,"column":0},"end":{"line":3,"column":9}},"2":{"start":{"line":10,"column":29},"end":{"line":20,"column":null}},"3":{"start":{"line":14,"column":21},"end":{"line":14,"column":36}},"4":{"start":{"line":12,"column":2},"end":{"line":12,"column":29}},"5":{"start":{"line":10,"column":13},"end":{"line":20,"column":null}},"6":{"start":{"line":10,"column":13},"end":{"line":10,"column":29}}},"fnMap":{"0":{"name":"(anonymous_0)","decl":{"start":{"line":14,"column":2},"end":{"line":14,"column":21}},"loc":{"start":{"line":14,"column":49},"end":{"line":14,"column":54}}},"1":{"name":"(anonymous_1)","decl":{"start":{"line":16,"column":2},"end":{"line":16,"column":10}},"loc":{"start":{"line":16,"column":10},"end":{"line":17,"column":3}}}},"branchMap":{},"s":{"0":1,"1":1,"2":1,"3":1,"4":1,"5":1,"6":1},"f":{"0":1,"1":1},"b":{}}
,"C:\\Users\\AMAURY\\Documents\\Etudes\\4eme année\\integration-continue\\src\\app\\model\\attack.ts": {"path":"C:\\Users\\AMAURY\\Documents\\Etudes\\4eme année\\integration-continue\\src\\app\\model\\attack.ts","statementMap":{"0":{"start":{"line":3,"column":24},"end":{"line":3,"column":36}},"1":{"start":{"line":4,"column":24},"end":{"line":4,"column":37}},"2":{"start":{"line":5,"column":24},"end":{"line":5,"column":41}},"3":{"start":{"line":6,"column":24},"end":{"line":6,"column":36}},"4":{"start":{"line":7,"column":24},"end":{"line":7,"column":38}},"5":{"start":{"line":11,"column":0},"end":{"line":11,"column":22}}},"fnMap":{"0":{"name":"(anonymous_0)","decl":{"start":{"line":2,"column":4},"end":{"line":2,"column":null}},"loc":{"start":{"line":7,"column":38},"end":{"line":8,"column":8}}}},"branchMap":{},"s":{"0":8,"1":8,"2":8,"3":8,"4":8,"5":4},"f":{"0":8},"b":{}}
,"C:\\Users\\AMAURY\\Documents\\Etudes\\4eme année\\integration-continue\\src\\app\\model\\battle.ts": {"path":"C:\\Users\\AMAURY\\Documents\\Etudes\\4eme année\\integration-continue\\src\\app\\model\\battle.ts","statementMap":{"0":{"start":{"line":7,"column":8},"end":{"line":7,"column":59}},"1":{"start":{"line":11,"column":8},"end":{"line":20,"column":null}},"2":{"start":{"line":12,"column":12},"end":{"line":12,"column":40}},"3":{"start":{"line":14,"column":13},"end":{"line":20,"column":null}},"4":{"start":{"line":15,"column":12},"end":{"line":15,"column":40}},"5":{"start":{"line":18,"column":27},"end":{"line":18,"column":49}},"6":{"start":{"line":19,"column":12},"end":{"line":19,"column":78}},"7":{"start":{"line":24,"column":8},"end":{"line":44,"column":11}},"8":{"start":{"line":25,"column":12},"end":{"line":43,"column":41}},"9":{"start":{"line":26,"column":16},"end":{"line":26,"column":44}},"10":{"start":{"line":27,"column":30},"end":{"line":27,"column":77}},"11":{"start":{"line":28,"column":16},"end":{"line":28,"column":57}},"12":{"start":{"line":29,"column":16},"end":{"line":29,"column":69}},"13":{"start":{"line":30,"column":16},"end":{"line":35,"column":null}},"14":{"start":{"line":31,"column":20},"end":{"line":31,"column":38}},"15":{"start":{"line":32,"column":20},"end":{"line":32,"column":51}},"16":{"start":{"line":33,"column":20},"end":{"line":33,"column":60}},"17":{"start":{"line":34,"column":20},"end":{"line":34,"column":27}},"18":{"start":{"line":36,"column":16},"end":{"line":36,"column":69}},"19":{"start":{"line":37,"column":16},"end":{"line":42,"column":null}},"20":{"start":{"line":38,"column":20},"end":{"line":38,"column":38}},"21":{"start":{"line":39,"column":20},"end":{"line":39,"column":51}},"22":{"start":{"line":40,"column":20},"end":{"line":40,"column":60}},"23":{"start":{"line":41,"column":20},"end":{"line":41,"column":27}},"24":{"start":{"line":48,"column":0},"end":{"line":48,"column":22}}},"fnMap":{"0":{"name":"(anonymous_0)","decl":{"start":{"line":6,"column":4},"end":{"line":6,"column":10}},"loc":{"start":{"line":6,"column":35},"end":{"line":8,"column":5}}},"1":{"name":"(anonymous_1)","decl":{"start":{"line":10,"column":4},"end":{"line":10,"column":10}},"loc":{"start":{"line":10,"column":68},"end":{"line":21,"column":5}}},"2":{"name":"(anonymous_2)","decl":{"start":{"line":23,"column":4},"end":{"line":23,"column":10}},"loc":{"start":{"line":23,"column":61},"end":{"line":45,"column":5}}},"3":{"name":"(anonymous_3)","decl":{"start":{"line":24,"column":27},"end":{"line":24,"column":28}},"loc":{"start":{"line":24,"column":47},"end":{"line":44,"column":9}}},"4":{"name":"(anonymous_4)","decl":{"start":{"line":25,"column":42},"end":{"line":25,"column":45}},"loc":{"start":{"line":25,"column":47},"end":{"line":43,"column":13}}}},"branchMap":{"0":{"loc":{"start":{"line":11,"column":8},"end":{"line":20,"column":null}},"type":"if","locations":[{"start":{"line":11,"column":8},"end":{"line":20,"column":null}},{"start":{"line":14,"column":13},"end":{"line":20,"column":null}}]},"1":{"loc":{"start":{"line":14,"column":13},"end":{"line":20,"column":null}},"type":"if","locations":[{"start":{"line":14,"column":13},"end":{"line":20,"column":null}},{"start":{"line":17,"column":13},"end":{"line":20,"column":null}}]},"2":{"loc":{"start":{"line":19,"column":34},"end":{"line":19,"column":54}},"type":"cond-expr","locations":[{"start":{"line":19,"column":34},"end":{"line":19,"column":54}},{"start":{"line":19,"column":57},"end":{"line":19,"column":77}}]},"3":{"loc":{"start":{"line":30,"column":16},"end":{"line":35,"column":null}},"type":"if","locations":[{"start":{"line":30,"column":16},"end":{"line":35,"column":null}}]},"4":{"loc":{"start":{"line":37,"column":16},"end":{"line":42,"column":null}},"type":"if","locations":[{"start":{"line":37,"column":16},"end":{"line":42,"column":null}}]}},"s":{"0":0,"1":0,"2":0,"3":0,"4":0,"5":0,"6":0,"7":0,"8":0,"9":0,"10":0,"11":0,"12":0,"13":0,"14":0,"15":0,"16":0,"17":0,"18":0,"19":0,"20":0,"21":0,"22":0,"23":0,"24":0},"f":{"0":0,"1":0,"2":0,"3":0,"4":0},"b":{"0":[0,0],"1":[0,0],"2":[0,0],"3":[0],"4":[0]}}
,"C:\\Users\\AMAURY\\Documents\\Etudes\\4eme année\\integration-continue\\src\\app\\model\\log.ts": {"path":"C:\\Users\\AMAURY\\Documents\\Etudes\\4eme année\\integration-continue\\src\\app\\model\\log.ts","statementMap":{"0":{"start":{"line":8,"column":14},"end":{"line":8,"column":27}},"1":{"start":{"line":9,"column":14},"end":{"line":9,"column":29}},"2":{"start":{"line":13,"column":0},"end":{"line":13,"column":19}}},"fnMap":{"0":{"name":"(anonymous_0)","decl":{"start":{"line":7,"column":4},"end":{"line":7,"column":null}},"loc":{"start":{"line":9,"column":29},"end":{"line":10,"column":8}}}},"branchMap":{},"s":{"0":7,"1":7,"2":4},"f":{"0":7},"b":{}}
,"C:\\Users\\AMAURY\\Documents\\Etudes\\4eme année\\integration-continue\\src\\app\\model\\logtype.ts": {"path":"C:\\Users\\AMAURY\\Documents\\Etudes\\4eme année\\integration-continue\\src\\app\\model\\logtype.ts","statementMap":{"0":{"start":{"line":1,"column":0},"end":{"line":1,"column":null}},"1":{"start":{"line":2,"column":4},"end":{"line":2,"column":null}},"2":{"start":{"line":3,"column":4},"end":{"line":3,"column":null}},"3":{"start":{"line":4,"column":4},"end":{"line":4,"column":null}},"4":{"start":{"line":5,"column":4},"end":{"line":5,"column":null}},"5":{"start":{"line":6,"column":4},"end":{"line":6,"column":null}},"6":{"start":{"line":7,"column":4},"end":{"line":7,"column":null}},"7":{"start":{"line":10,"column":0},"end":{"line":10,"column":23}}},"fnMap":{"0":{"name":"(anonymous_0)","decl":{"start":{"line":1,"column":0},"end":{"line":1,"column":5}},"loc":{"start":{"line":1,"column":12},"end":{"line":8,"column":1}}}},"branchMap":{"0":{"loc":{"start":{"line":1,"column":5},"end":{"line":1,"column":12}},"type":"binary-expr","locations":[{"start":{"line":1,"column":5},"end":{"line":1,"column":12}},{"start":{"line":1,"column":5},"end":{"line":1,"column":null}}]}},"s":{"0":4,"1":4,"2":4,"3":4,"4":4,"5":4,"6":4,"7":4},"f":{"0":4},"b":{"0":[4,4]}}
,"C:\\Users\\AMAURY\\Documents\\Etudes\\4eme année\\integration-continue\\src\\app\\model\\pokemon.ts": {"path":"C:\\Users\\AMAURY\\Documents\\Etudes\\4eme année\\integration-continue\\src\\app\\model\\pokemon.ts","statementMap":{"0":{"start":{"line":7,"column":15},"end":{"line":7,"column":27}},"1":{"start":{"line":8,"column":15},"end":{"line":8,"column":31}},"2":{"start":{"line":9,"column":15},"end":{"line":9,"column":35}},"3":{"start":{"line":10,"column":15},"end":{"line":10,"column":32}},"4":{"start":{"line":11,"column":15},"end":{"line":11,"column":33}},"5":{"start":{"line":12,"column":15},"end":{"line":12,"column":31}},"6":{"start":{"line":13,"column":15},"end":{"line":13,"column":36}},"7":{"start":{"line":14,"column":15},"end":{"line":14,"column":35}},"8":{"start":{"line":15,"column":15},"end":{"line":15,"column":35}},"9":{"start":{"line":17,"column":8},"end":{"line":17,"column":39}},"10":{"start":{"line":21,"column":8},"end":{"line":21,"column":79}},"11":{"start":{"line":22,"column":8},"end":{"line":22,"column":73}},"12":{"start":{"line":27,"column":10},"end":{"line":27,"column":129}},"13":{"start":{"line":28,"column":8},"end":{"line":28,"column":58}},"14":{"start":{"line":29,"column":8},"end":{"line":29,"column":66}},"15":{"start":{"line":30,"column":8},"end":{"line":30,"column":23}},"16":{"start":{"line":34,"column":8},"end":{"line":34,"column":89}},"17":{"start":{"line":35,"column":8},"end":{"line":35,"column":44}},"18":{"start":{"line":39,"column":8},"end":{"line":39,"column":72}},"19":{"start":{"line":43,"column":8},"end":{"line":43,"column":73}},"20":{"start":{"line":47,"column":8},"end":{"line":47,"column":71}},"21":{"start":{"line":51,"column":0},"end":{"line":51,"column":23}}},"fnMap":{"0":{"name":"(anonymous_0)","decl":{"start":{"line":6,"column":4},"end":{"line":6,"column":null}},"loc":{"start":{"line":15,"column":37},"end":{"line":18,"column":5}}},"1":{"name":"(anonymous_1)","decl":{"start":{"line":20,"column":11},"end":{"line":20,"column":23}},"loc":{"start":{"line":20,"column":55},"end":{"line":23,"column":5}}},"2":{"name":"(anonymous_2)","decl":{"start":{"line":25,"column":11},"end":{"line":25,"column":22}},"loc":{"start":{"line":25,"column":56},"end":{"line":31,"column":5}}},"3":{"name":"(anonymous_3)","decl":{"start":{"line":33,"column":11},"end":{"line":33,"column":20}},"loc":{"start":{"line":33,"column":37},"end":{"line":36,"column":5}}},"4":{"name":"(anonymous_4)","decl":{"start":{"line":38,"column":11},"end":{"line":38,"column":20}},"loc":{"start":{"line":38,"column":37},"end":{"line":40,"column":5}}},"5":{"name":"(anonymous_5)","decl":{"start":{"line":42,"column":11},"end":{"line":42,"column":21}},"loc":{"start":{"line":42,"column":38},"end":{"line":44,"column":5}}},"6":{"name":"(anonymous_6)","decl":{"start":{"line":46,"column":11},"end":{"line":46,"column":19}},"loc":{"start":{"line":46,"column":36},"end":{"line":48,"column":5}}}},"branchMap":{"0":{"loc":{"start":{"line":8,"column":31},"end":{"line":8,"column":32}},"type":"default-arg","locations":[{"start":{"line":8,"column":31},"end":{"line":8,"column":32}}]},"1":{"loc":{"start":{"line":9,"column":35},"end":{"line":9,"column":36}},"type":"default-arg","locations":[{"start":{"line":9,"column":35},"end":{"line":9,"column":36}}]},"2":{"loc":{"start":{"line":10,"column":32},"end":{"line":10,"column":33}},"type":"default-arg","locations":[{"start":{"line":10,"column":32},"end":{"line":10,"column":33}}]},"3":{"loc":{"start":{"line":11,"column":33},"end":{"line":11,"column":34}},"type":"default-arg","locations":[{"start":{"line":11,"column":33},"end":{"line":11,"column":34}}]},"4":{"loc":{"start":{"line":12,"column":31},"end":{"line":12,"column":32}},"type":"default-arg","locations":[{"start":{"line":12,"column":31},"end":{"line":12,"column":32}}]},"5":{"loc":{"start":{"line":13,"column":36},"end":{"line":13,"column":38}},"type":"default-arg","locations":[{"start":{"line":13,"column":36},"end":{"line":13,"column":38}}]},"6":{"loc":{"start":{"line":14,"column":35},"end":{"line":14,"column":37}},"type":"default-arg","locations":[{"start":{"line":14,"column":35},"end":{"line":14,"column":37}}]},"7":{"loc":{"start":{"line":15,"column":35},"end":{"line":15,"column":37}},"type":"default-arg","locations":[{"start":{"line":15,"column":35},"end":{"line":15,"column":37}}]}},"s":{"0":16,"1":16,"2":16,"3":16,"4":16,"5":16,"6":16,"7":16,"8":16,"9":16,"10":0,"11":0,"12":0,"13":0,"14":0,"15":0,"16":0,"17":0,"18":0,"19":0,"20":0,"21":5},"f":{"0":16,"1":0,"2":0,"3":0,"4":0,"5":0,"6":0},"b":{"0":[2],"1":[2],"2":[2],"3":[2],"4":[2],"5":[2],"6":[2],"7":[4]}}
,"C:\\Users\\AMAURY\\Documents\\Etudes\\4eme année\\integration-continue\\src\\app\\pokemon\\pokemon.component.ts": {"path":"C:\\Users\\AMAURY\\Documents\\Etudes\\4eme année\\integration-continue\\src\\app\\pokemon\\pokemon.component.ts","statementMap":{"0":{"start":{"line":1,"column":0},"end":{"line":1,"column":66}},"1":{"start":{"line":2,"column":0},"end":{"line":2,"column":39}},"2":{"start":{"line":4,"column":17},"end":{"line":6,"column":4}},"3":{"start":{"line":12,"column":29},"end":{"line":23,"column":null}},"4":{"start":{"line":15,"column":2},"end":{"line":15,"column":16}},"5":{"start":{"line":12,"column":13},"end":{"line":23,"column":null}},"6":{"start":{"line":12,"column":13},"end":{"line":12,"column":29}}},"fnMap":{"0":{"name":"(anonymous_0)","decl":{"start":{"line":16,"column":2},"end":{"line":16,"column":null}},"loc":{"start":{"line":16,"column":2},"end":{"line":18,"column":3}}},"1":{"name":"(anonymous_1)","decl":{"start":{"line":20,"column":2},"end":{"line":20,"column":10}},"loc":{"start":{"line":20,"column":10},"end":{"line":21,"column":3}}}},"branchMap":{},"s":{"0":2,"1":2,"2":2,"3":2,"4":4,"5":2,"6":2},"f":{"0":4,"1":2},"b":{}}
,"C:\\Users\\AMAURY\\Documents\\Etudes\\4eme année\\integration-continue\\src\\app\\service\\battle.service.ts": {"path":"C:\\Users\\AMAURY\\Documents\\Etudes\\4eme année\\integration-continue\\src\\app\\service\\battle.service.ts","statementMap":{"0":{"start":{"line":1,"column":0},"end":{"line":1,"column":43}},"1":{"start":{"line":3,"column":0},"end":{"line":3,"column":9}},"2":{"start":{"line":4,"column":0},"end":{"line":4,"column":34}},"3":{"start":{"line":5,"column":0},"end":{"line":5,"column":8}},"4":{"start":{"line":10,"column":26},"end":{"line":93,"column":null}},"5":{"start":{"line":16,"column":22},"end":{"line":16,"column":37}},"6":{"start":{"line":16,"column":60},"end":{"line":16,"column":68}},"7":{"start":{"line":17,"column":4},"end":{"line":17,"column":15}},"8":{"start":{"line":18,"column":4},"end":{"line":18,"column":26}},"9":{"start":{"line":22,"column":4},"end":{"line":22,"column":55}},"10":{"start":{"line":26,"column":4},"end":{"line":36,"column":null}},"11":{"start":{"line":27,"column":6},"end":{"line":27,"column":34}},"12":{"start":{"line":29,"column":9},"end":{"line":36,"column":null}},"13":{"start":{"line":30,"column":6},"end":{"line":30,"column":34}},"14":{"start":{"line":34,"column":21},"end":{"line":34,"column":41}},"15":{"start":{"line":35,"column":6},"end":{"line":35,"column":72}},"16":{"start":{"line":40,"column":4},"end":{"line":87,"column":9}},"17":{"start":{"line":41,"column":6},"end":{"line":83,"column":15}},"18":{"start":{"line":42,"column":8},"end":{"line":46,"column":null}},"19":{"start":{"line":44,"column":10},"end":{"line":44,"column":39}},"20":{"start":{"line":45,"column":10},"end":{"line":45,"column":17}},"21":{"start":{"line":47,"column":8},"end":{"line":47,"column":20}},"22":{"start":{"line":48,"column":8},"end":{"line":48,"column":60}},"23":{"start":{"line":49,"column":22},"end":{"line":49,"column":67}},"24":{"start":{"line":50,"column":8},"end":{"line":50,"column":69}},"25":{"start":{"line":52,"column":8},"end":{"line":52,"column":146}},"26":{"start":{"line":54,"column":8},"end":{"line":54,"column":125}},"27":{"start":{"line":55,"column":8},"end":{"line":55,"column":69}},"28":{"start":{"line":57,"column":8},"end":{"line":66,"column":null}},"29":{"start":{"line":58,"column":10},"end":{"line":58,"column":37}},"30":{"start":{"line":59,"column":10},"end":{"line":59,"column":69}},"31":{"start":{"line":60,"column":10},"end":{"line":60,"column":54}},"32":{"start":{"line":61,"column":10},"end":{"line":61,"column":55}},"33":{"start":{"line":62,"column":10},"end":{"line":62,"column":70}},"34":{"start":{"line":63,"column":10},"end":{"line":63,"column":30}},"35":{"start":{"line":64,"column":10},"end":{"line":64,"column":39}},"36":{"start":{"line":65,"column":10},"end":{"line":65,"column":17}},"37":{"start":{"line":68,"column":8},"end":{"line":68,"column":146}},"38":{"start":{"line":70,"column":8},"end":{"line":70,"column":125}},"39":{"start":{"line":71,"column":8},"end":{"line":71,"column":69}},"40":{"start":{"line":73,"column":8},"end":{"line":82,"column":null}},"41":{"start":{"line":74,"column":10},"end":{"line":74,"column":37}},"42":{"start":{"line":75,"column":10},"end":{"line":75,"column":69}},"43":{"start":{"line":76,"column":10},"end":{"line":76,"column":55}},"44":{"start":{"line":77,"column":10},"end":{"line":77,"column":54}},"45":{"start":{"line":78,"column":10},"end":{"line":78,"column":70}},"46":{"start":{"line":79,"column":10},"end":{"line":79,"column":30}},"47":{"start":{"line":80,"column":10},"end":{"line":80,"column":39}},"48":{"start":{"line":81,"column":10},"end":{"line":81,"column":17}},"49":{"start":{"line":84,"column":6},"end":{"line":87,"column":6}},"50":{"start":{"line":85,"column":8},"end":{"line":85,"column":28}},"51":{"start":{"line":86,"column":8},"end":{"line":86,"column":37}},"52":{"start":{"line":91,"column":4},"end":{"line":91,"column":34}},"53":{"start":{"line":10,"column":13},"end":{"line":93,"column":null}},"54":{"start":{"line":10,"column":13},"end":{"line":10,"column":26}}},"fnMap":{"0":{"name":"(anonymous_0)","decl":{"start":{"line":16,"column":2},"end":{"line":16,"column":22}},"loc":{"start":{"line":16,"column":74},"end":{"line":19,"column":3}}},"1":{"name":"(anonymous_1)","decl":{"start":{"line":21,"column":2},"end":{"line":21,"column":14}},"loc":{"start":{"line":21,"column":26},"end":{"line":23,"column":3}}},"2":{"name":"(anonymous_2)","decl":{"start":{"line":25,"column":2},"end":{"line":25,"column":22}},"loc":{"start":{"line":25,"column":59},"end":{"line":37,"column":3}}},"3":{"name":"(anonymous_3)","decl":{"start":{"line":39,"column":2},"end":{"line":39,"column":15}},"loc":{"start":{"line":39,"column":52},"end":{"line":88,"column":3}}},"4":{"name":"(anonymous_4)","decl":{"start":{"line":40,"column":26},"end":{"line":40,"column":34}},"loc":{"start":{"line":40,"column":37},"end":{"line":87,"column":7}}},"5":{"name":"(anonymous_5)","decl":{"start":{"line":41,"column":35},"end":{"line":41,"column":38}},"loc":{"start":{"line":41,"column":40},"end":{"line":83,"column":7}}},"6":{"name":"(anonymous_6)","decl":{"start":{"line":84,"column":13},"end":{"line":84,"column":16}},"loc":{"start":{"line":84,"column":18},"end":{"line":87,"column":5}}},"7":{"name":"(anonymous_7)","decl":{"start":{"line":90,"column":2},"end":{"line":90,"column":8}},"loc":{"start":{"line":90,"column":8},"end":{"line":92,"column":3}}}},"branchMap":{"0":{"loc":{"start":{"line":26,"column":4},"end":{"line":36,"column":null}},"type":"if","locations":[{"start":{"line":26,"column":4},"end":{"line":36,"column":null}},{"start":{"line":29,"column":9},"end":{"line":36,"column":null}}]},"1":{"loc":{"start":{"line":29,"column":9},"end":{"line":36,"column":null}},"type":"if","locations":[{"start":{"line":29,"column":9},"end":{"line":36,"column":null}},{"start":{"line":33,"column":9},"end":{"line":36,"column":null}}]},"2":{"loc":{"start":{"line":35,"column":28},"end":{"line":35,"column":48}},"type":"cond-expr","locations":[{"start":{"line":35,"column":28},"end":{"line":35,"column":48}},{"start":{"line":35,"column":51},"end":{"line":35,"column":71}}]},"3":{"loc":{"start":{"line":42,"column":8},"end":{"line":46,"column":null}},"type":"if","locations":[{"start":{"line":42,"column":8},"end":{"line":46,"column":null}}]},"4":{"loc":{"start":{"line":57,"column":8},"end":{"line":66,"column":null}},"type":"if","locations":[{"start":{"line":57,"column":8},"end":{"line":66,"column":null}}]},"5":{"loc":{"start":{"line":73,"column":8},"end":{"line":82,"column":null}},"type":"if","locations":[{"start":{"line":73,"column":8},"end":{"line":82,"column":null}}]}},"s":{"0":2,"1":2,"2":2,"3":2,"4":2,"5":5,"6":5,"7":5,"8":5,"9":0,"10":3,"11":2,"12":1,"13":1,"14":0,"15":0,"16":0,"17":0,"18":0,"19":0,"20":0,"21":0,"22":0,"23":0,"24":0,"25":0,"26":0,"27":0,"28":0,"29":0,"30":0,"31":0,"32":0,"33":0,"34":0,"35":0,"36":0,"37":0,"38":0,"39":0,"40":0,"41":0,"42":0,"43":0,"44":0,"45":0,"46":0,"47":0,"48":0,"49":0,"50":0,"51":0,"52":0,"53":2,"54":2},"f":{"0":5,"1":0,"2":3,"3":0,"4":0,"5":0,"6":0,"7":0},"b":{"0":[2,1],"1":[1,0],"2":[0,0],"3":[0],"4":[0],"5":[0]}}
,"C:\\Users\\AMAURY\\Documents\\Etudes\\4eme année\\integration-continue\\src\\app\\service\\logger.service.ts": {"path":"C:\\Users\\AMAURY\\Documents\\Etudes\\4eme année\\integration-continue\\src\\app\\service\\logger.service.ts","statementMap":{"0":{"start":{"line":1,"column":0},"end":{"line":1,"column":43}},"1":{"start":{"line":2,"column":0},"end":{"line":2,"column":31}},"2":{"start":{"line":3,"column":0},"end":{"line":3,"column":39}},"3":{"start":{"line":8,"column":26},"end":{"line":44,"column":null}},"4":{"start":{"line":10,"column":2},"end":{"line":10,"column":24}},"5":{"start":{"line":15,"column":4},"end":{"line":15,"column":55}},"6":{"start":{"line":19,"column":4},"end":{"line":19,"column":55}},"7":{"start":{"line":23,"column":4},"end":{"line":23,"column":53}},"8":{"start":{"line":27,"column":4},"end":{"line":27,"column":51}},"9":{"start":{"line":31,"column":4},"end":{"line":31,"column":52}},"10":{"start":{"line":35,"column":27},"end":{"line":35,"column":54}},"11":{"start":{"line":36,"column":4},"end":{"line":36,"column":34}},"12":{"start":{"line":37,"column":4},"end":{"line":37,"column":30}},"13":{"start":{"line":38,"column":4},"end":{"line":38,"column":30}},"14":{"start":{"line":42,"column":4},"end":{"line":42,"column":19}},"15":{"start":{"line":8,"column":13},"end":{"line":44,"column":null}},"16":{"start":{"line":8,"column":13},"end":{"line":8,"column":26}}},"fnMap":{"0":{"name":"(anonymous_0)","decl":{"start":{"line":12,"column":2},"end":{"line":12,"column":18}},"loc":{"start":{"line":12,"column":2},"end":{"line":12,"column":19}}},"1":{"name":"(anonymous_1)","decl":{"start":{"line":14,"column":2},"end":{"line":14,"column":16}},"loc":{"start":{"line":14,"column":32},"end":{"line":16,"column":3}}},"2":{"name":"(anonymous_2)","decl":{"start":{"line":18,"column":2},"end":{"line":18,"column":16}},"loc":{"start":{"line":18,"column":32},"end":{"line":20,"column":3}}},"3":{"name":"(anonymous_3)","decl":{"start":{"line":22,"column":2},"end":{"line":22,"column":14}},"loc":{"start":{"line":22,"column":30},"end":{"line":24,"column":3}}},"4":{"name":"(anonymous_4)","decl":{"start":{"line":26,"column":2},"end":{"line":26,"column":12}},"loc":{"start":{"line":26,"column":28},"end":{"line":28,"column":3}}},"5":{"name":"(anonymous_5)","decl":{"start":{"line":30,"column":2},"end":{"line":30,"column":13}},"loc":{"start":{"line":30,"column":29},"end":{"line":32,"column":3}}},"6":{"name":"(anonymous_6)","decl":{"start":{"line":34,"column":2},"end":{"line":34,"column":14}},"loc":{"start":{"line":34,"column":47},"end":{"line":39,"column":3}}},"7":{"name":"(anonymous_7)","decl":{"start":{"line":41,"column":2},"end":{"line":41,"column":7}},"loc":{"start":{"line":41,"column":7},"end":{"line":43,"column":3}}}},"branchMap":{},"s":{"0":4,"1":4,"2":4,"3":4,"4":14,"5":1,"6":1,"7":2,"8":1,"9":1,"10":1,"11":1,"12":1,"13":1,"14":1,"15":4,"16":4},"f":{"0":14,"1":1,"2":1,"3":2,"4":1,"5":1,"6":1,"7":1},"b":{}}
,"C:\\Users\\AMAURY\\Documents\\Etudes\\4eme année\\integration-continue\\src\\app\\service\\pokemon.service.ts": {"path":"C:\\Users\\AMAURY\\Documents\\Etudes\\4eme année\\integration-continue\\src\\app\\service\\pokemon.service.ts","statementMap":{"0":{"start":{"line":1,"column":0},"end":{"line":1,"column":43}},"1":{"start":{"line":2,"column":0},"end":{"line":2,"column":9}},"2":{"start":{"line":3,"column":0},"end":{"line":3,"column":36}},"3":{"start":{"line":4,"column":0},"end":{"line":4,"column":39}},"4":{"start":{"line":6,"column":0},"end":{"line":6,"column":37}},"5":{"start":{"line":12,"column":27},"end":{"line":72,"column":null}},"6":{"start":{"line":16,"column":12},"end":{"line":16,"column":18}},"7":{"start":{"line":20,"column":4},"end":{"line":23,"column":10}},"8":{"start":{"line":22,"column":8},"end":{"line":22,"column":30}},"9":{"start":{"line":27,"column":20},"end":{"line":27,"column":48}},"10":{"start":{"line":28,"column":4},"end":{"line":29,"column":95}},"11":{"start":{"line":29,"column":44},"end":{"line":29,"column":80}},"12":{"start":{"line":31,"column":4},"end":{"line":31,"column":19}},"13":{"start":{"line":35,"column":20},"end":{"line":35,"column":42}},"14":{"start":{"line":36,"column":20},"end":{"line":36,"column":63}},"15":{"start":{"line":37,"column":4},"end":{"line":38,"column":95}},"16":{"start":{"line":38,"column":44},"end":{"line":38,"column":80}},"17":{"start":{"line":40,"column":4},"end":{"line":40,"column":19}},"18":{"start":{"line":44,"column":4},"end":{"line":44,"column":23}},"19":{"start":{"line":45,"column":4},"end":{"line":45,"column":95}},"20":{"start":{"line":45,"column":53},"end":{"line":45,"column":79}},"21":{"start":{"line":46,"column":4},"end":{"line":46,"column":97}},"22":{"start":{"line":46,"column":54},"end":{"line":46,"column":81}},"23":{"start":{"line":47,"column":4},"end":{"line":47,"column":99}},"24":{"start":{"line":47,"column":55},"end":{"line":47,"column":83}},"25":{"start":{"line":48,"column":4},"end":{"line":48,"column":93}},"26":{"start":{"line":48,"column":54},"end":{"line":48,"column":77}},"27":{"start":{"line":49,"column":4},"end":{"line":49,"column":109}},"28":{"start":{"line":50,"column":4},"end":{"line":50,"column":111}},"29":{"start":{"line":51,"column":4},"end":{"line":58,"column":null}},"30":{"start":{"line":51,"column":17},"end":{"line":51,"column":18}},"31":{"start":{"line":52,"column":6},"end":{"line":52,"column":84}},"32":{"start":{"line":53,"column":19},"end":{"line":53,"column":93}},"33":{"start":{"line":54,"column":6},"end":{"line":54,"column":62}},"34":{"start":{"line":55,"column":6},"end":{"line":56,"column":80}},"35":{"start":{"line":56,"column":35},"end":{"line":56,"column":65}},"36":{"start":{"line":64,"column":19},"end":{"line":64,"column":37}},"37":{"start":{"line":65,"column":19},"end":{"line":65,"column":33}},"38":{"start":{"line":66,"column":20},"end":{"line":66,"column":30}},"39":{"start":{"line":67,"column":21},"end":{"line":67,"column":44}},"40":{"start":{"line":68,"column":23},"end":{"line":68,"column":36}},"41":{"start":{"line":69,"column":6},"end":{"line":69,"column":76}},"42":{"start":{"line":70,"column":6},"end":{"line":70,"column":51}},"43":{"start":{"line":13,"column":17},"end":{"line":13,"column":64}},"44":{"start":{"line":12,"column":13},"end":{"line":72,"column":null}},"45":{"start":{"line":12,"column":13},"end":{"line":12,"column":27}}},"fnMap":{"0":{"name":"(anonymous_0)","decl":{"start":{"line":15,"column":2},"end":{"line":15,"column":null}},"loc":{"start":{"line":16,"column":28},"end":{"line":17,"column":7}}},"1":{"name":"(anonymous_1)","decl":{"start":{"line":19,"column":2},"end":{"line":19,"column":16}},"loc":{"start":{"line":19,"column":16},"end":{"line":24,"column":3}}},"2":{"name":"(anonymous_2)","decl":{"start":{"line":21,"column":16},"end":{"line":21,"column":22}},"loc":{"start":{"line":21,"column":25},"end":{"line":23,"column":7}}},"3":{"name":"(anonymous_3)","decl":{"start":{"line":26,"column":2},"end":{"line":26,"column":17}},"loc":{"start":{"line":26,"column":40},"end":{"line":32,"column":3}}},"4":{"name":"(anonymous_4)","decl":{"start":{"line":29,"column":16},"end":{"line":29,"column":17}},"loc":{"start":{"line":29,"column":44},"end":{"line":29,"column":80}}},"5":{"name":"(anonymous_5)","decl":{"start":{"line":34,"column":2},"end":{"line":34,"column":18}},"loc":{"start":{"line":34,"column":31},"end":{"line":41,"column":3}}},"6":{"name":"(anonymous_6)","decl":{"start":{"line":38,"column":16},"end":{"line":38,"column":17}},"loc":{"start":{"line":38,"column":44},"end":{"line":38,"column":80}}},"7":{"name":"(anonymous_7)","decl":{"start":{"line":43,"column":10},"end":{"line":43,"column":20}},"loc":{"start":{"line":43,"column":61},"end":{"line":59,"column":3}}},"8":{"name":"(anonymous_8)","decl":{"start":{"line":45,"column":45},"end":{"line":45,"column":49}},"loc":{"start":{"line":45,"column":53},"end":{"line":45,"column":79}}},"9":{"name":"(anonymous_9)","decl":{"start":{"line":46,"column":46},"end":{"line":46,"column":50}},"loc":{"start":{"line":46,"column":54},"end":{"line":46,"column":81}}},"10":{"name":"(anonymous_10)","decl":{"start":{"line":47,"column":47},"end":{"line":47,"column":51}},"loc":{"start":{"line":47,"column":55},"end":{"line":47,"column":83}}},"11":{"name":"(anonymous_11)","decl":{"start":{"line":48,"column":46},"end":{"line":48,"column":50}},"loc":{"start":{"line":48,"column":54},"end":{"line":48,"column":77}}},"12":{"name":"(anonymous_12)","decl":{"start":{"line":56,"column":18},"end":{"line":56,"column":19}},"loc":{"start":{"line":56,"column":35},"end":{"line":56,"column":65}}},"13":{"name":"(anonymous_13)","decl":{"start":{"line":61,"column":10},"end":{"line":61,"column":19}},"loc":{"start":{"line":61,"column":48},"end":{"line":71,"column":3}}}},"branchMap":{"0":{"loc":{"start":{"line":49,"column":68},"end":{"line":49,"column":72}},"type":"cond-expr","locations":[{"start":{"line":49,"column":68},"end":{"line":49,"column":72}},{"start":{"line":49,"column":68},"end":{"line":49,"column":108}}]},"1":{"loc":{"start":{"line":49,"column":21},"end":{"line":49,"column":72}},"type":"binary-expr","locations":[{"start":{"line":49,"column":21},"end":{"line":49,"column":72}},{"start":{"line":49,"column":68},"end":{"line":49,"column":72}}]},"2":{"loc":{"start":{"line":49,"column":51},"end":{"line":49,"column":54}},"type":"cond-expr","locations":[{"start":{"line":49,"column":51},"end":{"line":49,"column":54}},{"start":{"line":49,"column":51},"end":{"line":49,"column":72}}]},"3":{"loc":{"start":{"line":49,"column":21},"end":{"line":49,"column":54}},"type":"binary-expr","locations":[{"start":{"line":49,"column":21},"end":{"line":49,"column":54}},{"start":{"line":49,"column":51},"end":{"line":49,"column":54}}]},"4":{"loc":{"start":{"line":50,"column":69},"end":{"line":50,"column":73}},"type":"cond-expr","locations":[{"start":{"line":50,"column":69},"end":{"line":50,"column":73}},{"start":{"line":50,"column":69},"end":{"line":50,"column":110}}]},"5":{"loc":{"start":{"line":50,"column":22},"end":{"line":50,"column":73}},"type":"binary-expr","locations":[{"start":{"line":50,"column":22},"end":{"line":50,"column":73}},{"start":{"line":50,"column":69},"end":{"line":50,"column":73}}]},"6":{"loc":{"start":{"line":50,"column":52},"end":{"line":50,"column":55}},"type":"cond-expr","locations":[{"start":{"line":50,"column":52},"end":{"line":50,"column":55}},{"start":{"line":50,"column":52},"end":{"line":50,"column":73}}]},"7":{"loc":{"start":{"line":50,"column":22},"end":{"line":50,"column":55}},"type":"binary-expr","locations":[{"start":{"line":50,"column":22},"end":{"line":50,"column":55}},{"start":{"line":50,"column":52},"end":{"line":50,"column":55}}]}},"s":{"0":3,"1":3,"2":3,"3":3,"4":3,"5":3,"6":5,"7":1,"8":0,"9":0,"10":0,"11":0,"12":0,"13":2,"14":2,"15":2,"16":0,"17":2,"18":0,"19":0,"20":0,"21":0,"22":0,"23":0,"24":0,"25":0,"26":0,"27":0,"28":0,"29":0,"30":0,"31":0,"32":0,"33":0,"34":0,"35":0,"36":0,"37":0,"38":0,"39":0,"40":0,"41":0,"42":0,"43":3,"44":3,"45":3},"f":{"0":5,"1":1,"2":0,"3":0,"4":0,"5":2,"6":0,"7":0,"8":0,"9":0,"10":0,"11":0,"12":0,"13":0},"b":{"0":[0,0],"1":[0,0],"2":[0,0],"3":[0,0],"4":[0,0],"5":[0,0],"6":[0,0],"7":[0,0]}}
,"C:\\Users\\AMAURY\\Documents\\Etudes\\4eme année\\integration-continue\\src\\environments\\environment.prod.ts": {"path":"C:\\Users\\AMAURY\\Documents\\Etudes\\4eme année\\integration-continue\\src\\environments\\environment.prod.ts","statementMap":{"0":{"start":{"line":1,"column":13},"end":{"line":3,"column":2}}},"fnMap":{},"branchMap":{},"s":{"0":0},"f":{},"b":{}}
,"C:\\Users\\AMAURY\\Documents\\Etudes\\4eme année\\integration-continue\\src\\environments\\environment.ts": {"path":"C:\\Users\\AMAURY\\Documents\\Etudes\\4eme année\\integration-continue\\src\\environments\\environment.ts","statementMap":{"0":{"start":{"line":5,"column":13},"end":{"line":7,"column":2}}},"fnMap":{},"branchMap":{},"s":{"0":0},"f":{},"b":{}}
}
