{"C:\\Users\\AMAURY\\Documents\\Etudes\\3eme année\\angular\\PokemonArena-master\\src\\main.ts": {"path":"C:\\Users\\AMAURY\\Documents\\Etudes\\3eme année\\angular\\PokemonArena-master\\src\\main.ts","statementMap":{"0":{"start":{"line":7,"column":0},"end":{"line":9,"column":1}},"1":{"start":{"line":8,"column":2},"end":{"line":8,"column":19}},"2":{"start":{"line":11,"column":0},"end":{"line":12,"column":36}},"3":{"start":{"line":12,"column":16},"end":{"line":12,"column":34}}},"fnMap":{"0":{"name":"(anonymous_0)","decl":{"start":{"line":12,"column":9},"end":{"line":12,"column":10}},"loc":{"start":{"line":12,"column":16},"end":{"line":12,"column":34}},"line":12}},"branchMap":{"0":{"loc":{"start":{"line":7,"column":0},"end":{"line":9,"column":1}},"type":"if","locations":[{"start":{"line":7,"column":0},"end":{"line":9,"column":1}},{"start":{"line":7,"column":0},"end":{"line":9,"column":1}}],"line":7}},"s":{"0":0,"1":0,"2":0,"3":0},"f":{"0":0},"b":{"0":[0,0]}}
,"C:\\Users\\AMAURY\\Documents\\Etudes\\3eme année\\angular\\PokemonArena-master\\src\\polyfills.ts": {"path":"C:\\Users\\AMAURY\\Documents\\Etudes\\3eme année\\angular\\PokemonArena-master\\src\\polyfills.ts","statementMap":{},"fnMap":{},"branchMap":{},"s":{},"f":{},"b":{}}
,"C:\\Users\\AMAURY\\Documents\\Etudes\\3eme année\\angular\\PokemonArena-master\\src\\environments\\environment.prod.ts": {"path":"C:\\Users\\AMAURY\\Documents\\Etudes\\3eme année\\angular\\PokemonArena-master\\src\\environments\\environment.prod.ts","statementMap":{"0":{"start":{"line":1,"column":27},"end":{"line":3,"column":1}}},"fnMap":{},"branchMap":{},"s":{"0":0},"f":{},"b":{}}
,"C:\\Users\\AMAURY\\Documents\\Etudes\\3eme année\\angular\\PokemonArena-master\\src\\environments\\environment.ts": {"path":"C:\\Users\\AMAURY\\Documents\\Etudes\\3eme année\\angular\\PokemonArena-master\\src\\environments\\environment.ts","statementMap":{"0":{"start":{"line":5,"column":27},"end":{"line":7,"column":1}}},"fnMap":{},"branchMap":{},"s":{"0":0},"f":{},"b":{}}
}
